{"C:\\Users\\caja\\Desktop\\backend\\server.js": {"path":"C:\\Users\\caja\\Desktop\\backend\\server.js","statementMap":{"0":{"start":{"line":19,"column":13},"end":{"line":19,"column":29}},"1":{"start":{"line":20,"column":12},"end":{"line":20,"column":21}},"2":{"start":{"line":21,"column":0},"end":{"line":21,"column":27}},"3":{"start":{"line":22,"column":0},"end":{"line":22,"column":24}},"4":{"start":{"line":25,"column":0},"end":{"line":25,"column":49}},"5":{"start":{"line":26,"column":0},"end":{"line":26,"column":24}},"6":{"start":{"line":28,"column":15},"end":{"line":34,"column":2}},"7":{"start":{"line":36,"column":0},"end":{"line":36,"column":17}},"8":{"start":{"line":38,"column":0},"end":{"line":40,"column":3}},"9":{"start":{"line":39,"column":2},"end":{"line":39,"column":36}},"10":{"start":{"line":42,"column":0},"end":{"line":51,"column":2}},"11":{"start":{"line":53,"column":0},"end":{"line":53,"column":31}},"12":{"start":{"line":54,"column":0},"end":{"line":54,"column":28}},"13":{"start":{"line":55,"column":0},"end":{"line":55,"column":23}},"14":{"start":{"line":57,"column":0},"end":{"line":59,"column":3}},"15":{"start":{"line":58,"column":2},"end":{"line":58,"column":47}},"16":{"start":{"line":60,"column":0},"end":{"line":60,"column":28}},"17":{"start":{"line":61,"column":0},"end":{"line":61,"column":25}},"18":{"start":{"line":62,"column":0},"end":{"line":62,"column":25}},"19":{"start":{"line":63,"column":0},"end":{"line":63,"column":30}},"20":{"start":{"line":64,"column":0},"end":{"line":64,"column":22}},"21":{"start":{"line":66,"column":0},"end":{"line":70,"column":1}},"22":{"start":{"line":67,"column":2},"end":{"line":69,"column":5}},"23":{"start":{"line":68,"column":4},"end":{"line":68,"column":40}}},"fnMap":{"0":{"name":"(anonymous_0)","decl":{"start":{"line":38,"column":19},"end":{"line":38,"column":20}},"loc":{"start":{"line":38,"column":28},"end":{"line":40,"column":1}},"line":38},"1":{"name":"(anonymous_1)","decl":{"start":{"line":57,"column":13},"end":{"line":57,"column":14}},"loc":{"start":{"line":57,"column":33},"end":{"line":59,"column":1}},"line":57},"2":{"name":"(anonymous_2)","decl":{"start":{"line":67,"column":19},"end":{"line":67,"column":20}},"loc":{"start":{"line":67,"column":25},"end":{"line":69,"column":3}},"line":67}},"branchMap":{"0":{"loc":{"start":{"line":47,"column":11},"end":{"line":49,"column":25}},"type":"cond-expr","locations":[{"start":{"line":48,"column":8},"end":{"line":48,"column":42}},{"start":{"line":49,"column":8},"end":{"line":49,"column":25}}],"line":47},"1":{"loc":{"start":{"line":66,"column":0},"end":{"line":70,"column":1}},"type":"if","locations":[{"start":{"line":66,"column":0},"end":{"line":70,"column":1}},{"start":{},"end":{}}],"line":66}},"s":{"0":1,"1":1,"2":1,"3":1,"4":1,"5":1,"6":1,"7":1,"8":1,"9":0,"10":1,"11":1,"12":1,"13":1,"14":1,"15":0,"16":1,"17":1,"18":1,"19":1,"20":1,"21":1,"22":0,"23":0},"f":{"0":0,"1":0,"2":0},"b":{"0":[0,1],"1":[0,1]},"_coverageSchema":"1a1c01bbd47fc00a2c39e90264f33305004495a9","hash":"755f78b5a5e78f7cb511866914f2940e1e6f6b8a"}
,"C:\\Users\\caja\\Desktop\\backend\\middlewares\\error.handler.js": {"path":"C:\\Users\\caja\\Desktop\\backend\\middlewares\\error.handler.js","statementMap":{"0":{"start":{"line":3,"column":21},"end":{"line":16,"column":1}},"1":{"start":{"line":4,"column":2},"end":{"line":15,"column":3}},"2":{"start":{"line":5,"column":4},"end":{"line":8,"column":7}},"3":{"start":{"line":10,"column":4},"end":{"line":10,"column":31}},"4":{"start":{"line":11,"column":4},"end":{"line":14,"column":7}}},"fnMap":{"0":{"name":"(anonymous_0)","decl":{"start":{"line":3,"column":21},"end":{"line":3,"column":22}},"loc":{"start":{"line":3,"column":54},"end":{"line":16,"column":1}},"line":3}},"branchMap":{"0":{"loc":{"start":{"line":4,"column":2},"end":{"line":15,"column":3}},"type":"if","locations":[{"start":{"line":4,"column":2},"end":{"line":15,"column":3}},{"start":{"line":9,"column":9},"end":{"line":15,"column":3}}],"line":4}},"s":{"0":1,"1":0,"2":0,"3":0,"4":0},"f":{"0":0},"b":{"0":[0,0]},"_coverageSchema":"1a1c01bbd47fc00a2c39e90264f33305004495a9","hash":"db3f2fd1ae2e2d6a193688269f970b3fddfea723"}
,"C:\\Users\\caja\\Desktop\\backend\\src\\api\\v1\\controllers\\usersController.js": {"path":"C:\\Users\\caja\\Desktop\\backend\\src\\api\\v1\\controllers\\usersController.js","statementMap":{"0":{"start":{"line":10,"column":22},"end":{"line":20,"column":1}},"1":{"start":{"line":11,"column":2},"end":{"line":19,"column":3}},"2":{"start":{"line":12,"column":17},"end":{"line":12,"column":25}},"3":{"start":{"line":13,"column":4},"end":{"line":13,"column":22}},"4":{"start":{"line":15,"column":4},"end":{"line":15,"column":27}},"5":{"start":{"line":16,"column":4},"end":{"line":16,"column":70}},"6":{"start":{"line":18,"column":4},"end":{"line":18,"column":16}},"7":{"start":{"line":22,"column":19},"end":{"line":31,"column":1}},"8":{"start":{"line":23,"column":2},"end":{"line":30,"column":3}},"9":{"start":{"line":24,"column":18},"end":{"line":24,"column":32}},"10":{"start":{"line":25,"column":4},"end":{"line":25,"column":75}},"11":{"start":{"line":25,"column":16},"end":{"line":25,"column":75}},"12":{"start":{"line":26,"column":4},"end":{"line":26,"column":39}},"13":{"start":{"line":28,"column":4},"end":{"line":28,"column":23}},"14":{"start":{"line":29,"column":4},"end":{"line":29,"column":16}},"15":{"start":{"line":33,"column":35},"end":{"line":44,"column":1}},"16":{"start":{"line":34,"column":2},"end":{"line":43,"column":3}},"17":{"start":{"line":35,"column":25},"end":{"line":35,"column":34}},"18":{"start":{"line":36,"column":19},"end":{"line":36,"column":49}},"19":{"start":{"line":37,"column":4},"end":{"line":39,"column":5}},"20":{"start":{"line":38,"column":6},"end":{"line":38,"column":53}},"21":{"start":{"line":40,"column":4},"end":{"line":40,"column":52}},"22":{"start":{"line":42,"column":4},"end":{"line":42,"column":60}},"23":{"start":{"line":46,"column":20},"end":{"line":55,"column":1}},"24":{"start":{"line":47,"column":2},"end":{"line":54,"column":3}},"25":{"start":{"line":48,"column":19},"end":{"line":48,"column":29}},"26":{"start":{"line":49,"column":17},"end":{"line":49,"column":43}},"27":{"start":{"line":50,"column":4},"end":{"line":50,"column":47}},"28":{"start":{"line":50,"column":15},"end":{"line":50,"column":47}},"29":{"start":{"line":51,"column":4},"end":{"line":51,"column":38}},"30":{"start":{"line":53,"column":4},"end":{"line":53,"column":16}},"31":{"start":{"line":57,"column":19},"end":{"line":65,"column":1}},"32":{"start":{"line":58,"column":2},"end":{"line":64,"column":3}},"33":{"start":{"line":59,"column":19},"end":{"line":59,"column":29}},"34":{"start":{"line":60,"column":4},"end":{"line":60,"column":29}},"35":{"start":{"line":61,"column":4},"end":{"line":61,"column":24}},"36":{"start":{"line":63,"column":4},"end":{"line":63,"column":16}}},"fnMap":{"0":{"name":"(anonymous_0)","decl":{"start":{"line":10,"column":22},"end":{"line":10,"column":23}},"loc":{"start":{"line":10,"column":48},"end":{"line":20,"column":1}},"line":10},"1":{"name":"(anonymous_1)","decl":{"start":{"line":22,"column":19},"end":{"line":22,"column":20}},"loc":{"start":{"line":22,"column":45},"end":{"line":31,"column":1}},"line":22},"2":{"name":"(anonymous_2)","decl":{"start":{"line":33,"column":35},"end":{"line":33,"column":36}},"loc":{"start":{"line":33,"column":55},"end":{"line":44,"column":1}},"line":33},"3":{"name":"(anonymous_3)","decl":{"start":{"line":46,"column":20},"end":{"line":46,"column":21}},"loc":{"start":{"line":46,"column":46},"end":{"line":55,"column":1}},"line":46},"4":{"name":"(anonymous_4)","decl":{"start":{"line":57,"column":19},"end":{"line":57,"column":20}},"loc":{"start":{"line":57,"column":45},"end":{"line":65,"column":1}},"line":57}},"branchMap":{"0":{"loc":{"start":{"line":25,"column":4},"end":{"line":25,"column":75}},"type":"if","locations":[{"start":{"line":25,"column":4},"end":{"line":25,"column":75}},{"start":{},"end":{}}],"line":25},"1":{"loc":{"start":{"line":37,"column":4},"end":{"line":39,"column":5}},"type":"if","locations":[{"start":{"line":37,"column":4},"end":{"line":39,"column":5}},{"start":{},"end":{}}],"line":37},"2":{"loc":{"start":{"line":50,"column":4},"end":{"line":50,"column":47}},"type":"if","locations":[{"start":{"line":50,"column":4},"end":{"line":50,"column":47}},{"start":{},"end":{}}],"line":50}},"s":{"0":1,"1":0,"2":0,"3":0,"4":0,"5":0,"6":0,"7":1,"8":1,"9":1,"10":1,"11":0,"12":1,"13":0,"14":0,"15":1,"16":0,"17":0,"18":0,"19":0,"20":0,"21":0,"22":0,"23":1,"24":0,"25":0,"26":0,"27":0,"28":0,"29":0,"30":0,"31":1,"32":0,"33":0,"34":0,"35":0,"36":0},"f":{"0":0,"1":1,"2":0,"3":0,"4":0},"b":{"0":[0,1],"1":[0,0],"2":[0,0]},"_coverageSchema":"1a1c01bbd47fc00a2c39e90264f33305004495a9","hash":"19ea1a148b7c676a1c6b4d2102b7183e394d9f25"}
}
