{"C:\\Users\\Felipe\\Desktop\\bulkbuddies-backend\\server.js": {"path":"C:\\Users\\Felipe\\Desktop\\bulkbuddies-backend\\server.js","statementMap":{"0":{"start":{"line":19,"column":13},"end":{"line":19,"column":29}},"1":{"start":{"line":20,"column":12},"end":{"line":20,"column":21}},"2":{"start":{"line":21,"column":0},"end":{"line":21,"column":27}},"3":{"start":{"line":22,"column":0},"end":{"line":22,"column":24}},"4":{"start":{"line":25,"column":0},"end":{"line":25,"column":49}},"5":{"start":{"line":26,"column":0},"end":{"line":26,"column":24}},"6":{"start":{"line":28,"column":15},"end":{"line":34,"column":2}},"7":{"start":{"line":36,"column":0},"end":{"line":36,"column":17}},"8":{"start":{"line":38,"column":0},"end":{"line":40,"column":3}},"9":{"start":{"line":39,"column":2},"end":{"line":39,"column":36}},"10":{"start":{"line":42,"column":0},"end":{"line":51,"column":2}},"11":{"start":{"line":53,"column":0},"end":{"line":53,"column":31}},"12":{"start":{"line":54,"column":0},"end":{"line":54,"column":28}},"13":{"start":{"line":55,"column":0},"end":{"line":55,"column":23}},"14":{"start":{"line":57,"column":0},"end":{"line":59,"column":3}},"15":{"start":{"line":58,"column":2},"end":{"line":58,"column":47}},"16":{"start":{"line":60,"column":0},"end":{"line":60,"column":28}},"17":{"start":{"line":61,"column":0},"end":{"line":61,"column":25}},"18":{"start":{"line":62,"column":0},"end":{"line":62,"column":25}},"19":{"start":{"line":63,"column":0},"end":{"line":63,"column":30}},"20":{"start":{"line":64,"column":0},"end":{"line":64,"column":22}},"21":{"start":{"line":66,"column":0},"end":{"line":70,"column":1}},"22":{"start":{"line":67,"column":2},"end":{"line":69,"column":5}},"23":{"start":{"line":68,"column":4},"end":{"line":68,"column":40}}},"fnMap":{"0":{"name":"(anonymous_0)","decl":{"start":{"line":38,"column":19},"end":{"line":38,"column":20}},"loc":{"start":{"line":38,"column":28},"end":{"line":40,"column":1}},"line":38},"1":{"name":"(anonymous_1)","decl":{"start":{"line":57,"column":13},"end":{"line":57,"column":14}},"loc":{"start":{"line":57,"column":33},"end":{"line":59,"column":1}},"line":57},"2":{"name":"(anonymous_2)","decl":{"start":{"line":67,"column":19},"end":{"line":67,"column":20}},"loc":{"start":{"line":67,"column":25},"end":{"line":69,"column":3}},"line":67}},"branchMap":{"0":{"loc":{"start":{"line":47,"column":11},"end":{"line":49,"column":25}},"type":"cond-expr","locations":[{"start":{"line":48,"column":8},"end":{"line":48,"column":42}},{"start":{"line":49,"column":8},"end":{"line":49,"column":25}}],"line":47},"1":{"loc":{"start":{"line":66,"column":0},"end":{"line":70,"column":1}},"type":"if","locations":[{"start":{"line":66,"column":0},"end":{"line":70,"column":1}},{"start":{},"end":{}}],"line":66}},"s":{"0":1,"1":1,"2":1,"3":1,"4":1,"5":1,"6":1,"7":1,"8":1,"9":0,"10":1,"11":1,"12":1,"13":1,"14":1,"15":0,"16":1,"17":1,"18":1,"19":1,"20":1,"21":1,"22":0,"23":0},"f":{"0":0,"1":0,"2":0},"b":{"0":[0,1],"1":[0,1]},"_coverageSchema":"1a1c01bbd47fc00a2c39e90264f33305004495a9","hash":"444955ec8d920988276757c754c88f303f47053e"}
,"C:\\Users\\Felipe\\Desktop\\bulkbuddies-backend\\middlewares\\dataValidatorHandler.js": {"path":"C:\\Users\\Felipe\\Desktop\\bulkbuddies-backend\\middlewares\\dataValidatorHandler.js","statementMap":{"0":{"start":{"line":4,"column":30},"end":{"line":20,"column":1}},"1":{"start":{"line":5,"column":2},"end":{"line":19,"column":3}},"2":{"start":{"line":6,"column":18},"end":{"line":6,"column":39}},"3":{"start":{"line":7,"column":4},"end":{"line":16,"column":5}},"4":{"start":{"line":8,"column":6},"end":{"line":8,"column":13}},"5":{"start":{"line":10,"column":21},"end":{"line":12,"column":8}},"6":{"start":{"line":11,"column":8},"end":{"line":11,"column":31}},"7":{"start":{"line":14,"column":28},"end":{"line":14,"column":56}},"8":{"start":{"line":15,"column":6},"end":{"line":15,"column":51}},"9":{"start":{"line":18,"column":4},"end":{"line":18,"column":16}},"10":{"start":{"line":22,"column":24},"end":{"line":29,"column":1}},"11":{"start":{"line":31,"column":24},"end":{"line":35,"column":1}}},"fnMap":{"0":{"name":"(anonymous_0)","decl":{"start":{"line":4,"column":30},"end":{"line":4,"column":31}},"loc":{"start":{"line":4,"column":56},"end":{"line":20,"column":1}},"line":4},"1":{"name":"(anonymous_1)","decl":{"start":{"line":10,"column":39},"end":{"line":10,"column":40}},"loc":{"start":{"line":10,"column":58},"end":{"line":12,"column":7}},"line":10}},"branchMap":{"0":{"loc":{"start":{"line":7,"column":4},"end":{"line":16,"column":5}},"type":"if","locations":[{"start":{"line":7,"column":4},"end":{"line":16,"column":5}},{"start":{"line":9,"column":11},"end":{"line":16,"column":5}}],"line":7}},"s":{"0":1,"1":1,"2":1,"3":1,"4":1,"5":0,"6":0,"7":0,"8":0,"9":0,"10":1,"11":1},"f":{"0":1,"1":0},"b":{"0":[1,0]},"_coverageSchema":"1a1c01bbd47fc00a2c39e90264f33305004495a9","hash":"a6b237143ea32edefec03aaae982af36a237a9d7"}
,"C:\\Users\\Felipe\\Desktop\\bulkbuddies-backend\\middlewares\\error.handler.js": {"path":"C:\\Users\\Felipe\\Desktop\\bulkbuddies-backend\\middlewares\\error.handler.js","statementMap":{"0":{"start":{"line":3,"column":21},"end":{"line":15,"column":1}},"1":{"start":{"line":4,"column":2},"end":{"line":14,"column":3}},"2":{"start":{"line":5,"column":4},"end":{"line":8,"column":7}},"3":{"start":{"line":10,"column":4},"end":{"line":13,"column":7}}},"fnMap":{"0":{"name":"(anonymous_0)","decl":{"start":{"line":3,"column":21},"end":{"line":3,"column":22}},"loc":{"start":{"line":3,"column":54},"end":{"line":15,"column":1}},"line":3}},"branchMap":{"0":{"loc":{"start":{"line":4,"column":2},"end":{"line":14,"column":3}},"type":"if","locations":[{"start":{"line":4,"column":2},"end":{"line":14,"column":3}},{"start":{"line":9,"column":9},"end":{"line":14,"column":3}}],"line":4}},"s":{"0":1,"1":1,"2":1,"3":0},"f":{"0":1},"b":{"0":[1,0]},"_coverageSchema":"1a1c01bbd47fc00a2c39e90264f33305004495a9","hash":"c6fc9c0630127f924cf136c8a19b1c477823e886"}
,"C:\\Users\\Felipe\\Desktop\\bulkbuddies-backend\\middlewares\\notFoundHandler.js": {"path":"C:\\Users\\Felipe\\Desktop\\bulkbuddies-backend\\middlewares\\notFoundHandler.js","statementMap":{"0":{"start":{"line":3,"column":24},"end":{"line":9,"column":1}},"1":{"start":{"line":4,"column":2},"end":{"line":8,"column":3}},"2":{"start":{"line":5,"column":4},"end":{"line":5,"column":47}},"3":{"start":{"line":7,"column":4},"end":{"line":7,"column":16}}},"fnMap":{"0":{"name":"(anonymous_0)","decl":{"start":{"line":3,"column":24},"end":{"line":3,"column":25}},"loc":{"start":{"line":3,"column":50},"end":{"line":9,"column":1}},"line":3}},"branchMap":{},"s":{"0":1,"1":0,"2":0,"3":0},"f":{"0":0},"b":{},"_coverageSchema":"1a1c01bbd47fc00a2c39e90264f33305004495a9","hash":"f7117989c0bc45045b8ce64cc2a2fb6c837380f7"}
,"C:\\Users\\Felipe\\Desktop\\bulkbuddies-backend\\middlewares\\validateJWT.js": {"path":"C:\\Users\\Felipe\\Desktop\\bulkbuddies-backend\\middlewares\\validateJWT.js","statementMap":{"0":{"start":{"line":6,"column":18},"end":{"line":16,"column":1}},"1":{"start":{"line":7,"column":2},"end":{"line":15,"column":3}},"2":{"start":{"line":8,"column":4},"end":{"line":8,"column":30}},"3":{"start":{"line":9,"column":18},"end":{"line":9,"column":59}},"4":{"start":{"line":10,"column":22},"end":{"line":10,"column":60}},"5":{"start":{"line":11,"column":4},"end":{"line":11,"column":26}},"6":{"start":{"line":12,"column":4},"end":{"line":12,"column":11}},"7":{"start":{"line":14,"column":4},"end":{"line":14,"column":16}},"8":{"start":{"line":18,"column":22},"end":{"line":25,"column":1}},"9":{"start":{"line":19,"column":2},"end":{"line":24,"column":3}},"10":{"start":{"line":20,"column":24},"end":{"line":20,"column":52}},"11":{"start":{"line":21,"column":4},"end":{"line":21,"column":23}},"12":{"start":{"line":23,"column":4},"end":{"line":23,"column":38}},"13":{"start":{"line":27,"column":24},"end":{"line":31,"column":1}},"14":{"start":{"line":28,"column":2},"end":{"line":30,"column":3}},"15":{"start":{"line":29,"column":4},"end":{"line":29,"column":36}},"16":{"start":{"line":33,"column":25},"end":{"line":42,"column":1}},"17":{"start":{"line":34,"column":23},"end":{"line":34,"column":32}},"18":{"start":{"line":35,"column":2},"end":{"line":37,"column":3}},"19":{"start":{"line":36,"column":4},"end":{"line":36,"column":69}},"20":{"start":{"line":38,"column":2},"end":{"line":40,"column":3}},"21":{"start":{"line":39,"column":4},"end":{"line":39,"column":65}},"22":{"start":{"line":41,"column":2},"end":{"line":41,"column":9}}},"fnMap":{"0":{"name":"(anonymous_0)","decl":{"start":{"line":6,"column":18},"end":{"line":6,"column":19}},"loc":{"start":{"line":6,"column":44},"end":{"line":16,"column":1}},"line":6},"1":{"name":"(anonymous_1)","decl":{"start":{"line":18,"column":22},"end":{"line":18,"column":23}},"loc":{"start":{"line":18,"column":50},"end":{"line":25,"column":1}},"line":18},"2":{"name":"(anonymous_2)","decl":{"start":{"line":27,"column":24},"end":{"line":27,"column":25}},"loc":{"start":{"line":27,"column":33},"end":{"line":31,"column":1}},"line":27},"3":{"name":"(anonymous_3)","decl":{"start":{"line":33,"column":25},"end":{"line":33,"column":26}},"loc":{"start":{"line":33,"column":51},"end":{"line":42,"column":1}},"line":33}},"branchMap":{"0":{"loc":{"start":{"line":28,"column":2},"end":{"line":30,"column":3}},"type":"if","locations":[{"start":{"line":28,"column":2},"end":{"line":30,"column":3}},{"start":{},"end":{}}],"line":28},"1":{"loc":{"start":{"line":35,"column":2},"end":{"line":37,"column":3}},"type":"if","locations":[{"start":{"line":35,"column":2},"end":{"line":37,"column":3}},{"start":{},"end":{}}],"line":35},"2":{"loc":{"start":{"line":38,"column":2},"end":{"line":40,"column":3}},"type":"if","locations":[{"start":{"line":38,"column":2},"end":{"line":40,"column":3}},{"start":{},"end":{}}],"line":38}},"s":{"0":1,"1":0,"2":0,"3":0,"4":0,"5":0,"6":0,"7":0,"8":1,"9":0,"10":0,"11":0,"12":0,"13":1,"14":0,"15":0,"16":1,"17":0,"18":0,"19":0,"20":0,"21":0,"22":0},"f":{"0":0,"1":0,"2":0,"3":0},"b":{"0":[0,0],"1":[0,0],"2":[0,0]},"_coverageSchema":"1a1c01bbd47fc00a2c39e90264f33305004495a9","hash":"b0a0843cd8cc57a19262a02c03afe025d3201148"}
,"C:\\Users\\Felipe\\Desktop\\bulkbuddies-backend\\src\\api\\v1\\controllers\\authControllers.js": {"path":"C:\\Users\\Felipe\\Desktop\\bulkbuddies-backend\\src\\api\\v1\\controllers\\authControllers.js","statementMap":{"0":{"start":{"line":11,"column":18},"end":{"line":21,"column":1}},"1":{"start":{"line":12,"column":2},"end":{"line":20,"column":3}},"2":{"start":{"line":13,"column":32},"end":{"line":13,"column":40}},"3":{"start":{"line":14,"column":22},"end":{"line":14,"column":55}},"4":{"start":{"line":15,"column":18},"end":{"line":15,"column":57}},"5":{"start":{"line":16,"column":4},"end":{"line":16,"column":23}},"6":{"start":{"line":17,"column":4},"end":{"line":17,"column":57}},"7":{"start":{"line":19,"column":4},"end":{"line":19,"column":16}},"8":{"start":{"line":25,"column":25},"end":{"line":37,"column":1}},"9":{"start":{"line":26,"column":2},"end":{"line":36,"column":3}},"10":{"start":{"line":27,"column":19},"end":{"line":27,"column":30}},"11":{"start":{"line":28,"column":4},"end":{"line":28,"column":53}},"12":{"start":{"line":28,"column":21},"end":{"line":28,"column":53}},"13":{"start":{"line":29,"column":4},"end":{"line":32,"column":7}},"14":{"start":{"line":33,"column":4},"end":{"line":33,"column":39}},"15":{"start":{"line":35,"column":4},"end":{"line":35,"column":16}},"16":{"start":{"line":39,"column":31},"end":{"line":50,"column":1}},"17":{"start":{"line":40,"column":2},"end":{"line":49,"column":3}},"18":{"start":{"line":41,"column":19},"end":{"line":41,"column":30}},"19":{"start":{"line":42,"column":4},"end":{"line":42,"column":53}},"20":{"start":{"line":42,"column":21},"end":{"line":42,"column":53}},"21":{"start":{"line":43,"column":25},"end":{"line":43,"column":35}},"22":{"start":{"line":44,"column":19},"end":{"line":44,"column":68}},"23":{"start":{"line":45,"column":22},"end":{"line":45,"column":39}},"24":{"start":{"line":46,"column":4},"end":{"line":46,"column":43}},"25":{"start":{"line":48,"column":4},"end":{"line":48,"column":16}},"26":{"start":{"line":68,"column":29},"end":{"line":105,"column":1}},"27":{"start":{"line":69,"column":2},"end":{"line":104,"column":3}},"28":{"start":{"line":70,"column":4},"end":{"line":70,"column":51}},"29":{"start":{"line":70,"column":19},"end":{"line":70,"column":51}},"30":{"start":{"line":71,"column":17},"end":{"line":71,"column":32}},"31":{"start":{"line":72,"column":17},"end":{"line":72,"column":34}},"32":{"start":{"line":74,"column":4},"end":{"line":74,"column":40}},"33":{"start":{"line":75,"column":22},"end":{"line":75,"column":59}},"34":{"start":{"line":76,"column":4},"end":{"line":93,"column":5}},"35":{"start":{"line":77,"column":22},"end":{"line":84,"column":8}},"36":{"start":{"line":85,"column":20},"end":{"line":85,"column":57}},"37":{"start":{"line":86,"column":48},"end":{"line":86,"column":55}},"38":{"start":{"line":87,"column":6},"end":{"line":92,"column":9}},"39":{"start":{"line":94,"column":18},"end":{"line":94,"column":57}},"40":{"start":{"line":96,"column":4},"end":{"line":101,"column":7}},"41":{"start":{"line":103,"column":4},"end":{"line":103,"column":16}},"42":{"start":{"line":107,"column":28},"end":{"line":113,"column":1}},"43":{"start":{"line":108,"column":18},"end":{"line":108,"column":29}},"44":{"start":{"line":109,"column":2},"end":{"line":111,"column":3}},"45":{"start":{"line":110,"column":4},"end":{"line":110,"column":55}},"46":{"start":{"line":112,"column":2},"end":{"line":112,"column":9}}},"fnMap":{"0":{"name":"(anonymous_0)","decl":{"start":{"line":11,"column":18},"end":{"line":11,"column":19}},"loc":{"start":{"line":11,"column":44},"end":{"line":21,"column":1}},"line":11},"1":{"name":"(anonymous_1)","decl":{"start":{"line":25,"column":25},"end":{"line":25,"column":26}},"loc":{"start":{"line":25,"column":51},"end":{"line":37,"column":1}},"line":25},"2":{"name":"(anonymous_2)","decl":{"start":{"line":39,"column":31},"end":{"line":39,"column":32}},"loc":{"start":{"line":39,"column":57},"end":{"line":50,"column":1}},"line":39},"3":{"name":"(anonymous_3)","decl":{"start":{"line":68,"column":29},"end":{"line":68,"column":30}},"loc":{"start":{"line":68,"column":55},"end":{"line":105,"column":1}},"line":68},"4":{"name":"(anonymous_4)","decl":{"start":{"line":107,"column":28},"end":{"line":107,"column":29}},"loc":{"start":{"line":107,"column":42},"end":{"line":113,"column":1}},"line":107}},"branchMap":{"0":{"loc":{"start":{"line":28,"column":4},"end":{"line":28,"column":53}},"type":"if","locations":[{"start":{"line":28,"column":4},"end":{"line":28,"column":53}},{"start":{},"end":{}}],"line":28},"1":{"loc":{"start":{"line":42,"column":4},"end":{"line":42,"column":53}},"type":"if","locations":[{"start":{"line":42,"column":4},"end":{"line":42,"column":53}},{"start":{},"end":{}}],"line":42},"2":{"loc":{"start":{"line":70,"column":4},"end":{"line":70,"column":51}},"type":"if","locations":[{"start":{"line":70,"column":4},"end":{"line":70,"column":51}},{"start":{},"end":{}}],"line":70},"3":{"loc":{"start":{"line":76,"column":4},"end":{"line":93,"column":5}},"type":"if","locations":[{"start":{"line":76,"column":4},"end":{"line":93,"column":5}},{"start":{},"end":{}}],"line":76},"4":{"loc":{"start":{"line":109,"column":2},"end":{"line":111,"column":3}},"type":"if","locations":[{"start":{"line":109,"column":2},"end":{"line":111,"column":3}},{"start":{},"end":{}}],"line":109}},"s":{"0":1,"1":0,"2":0,"3":0,"4":0,"5":0,"6":0,"7":0,"8":1,"9":0,"10":0,"11":0,"12":0,"13":0,"14":0,"15":0,"16":1,"17":0,"18":0,"19":0,"20":0,"21":0,"22":0,"23":0,"24":0,"25":0,"26":1,"27":0,"28":0,"29":0,"30":0,"31":0,"32":0,"33":0,"34":0,"35":0,"36":0,"37":0,"38":0,"39":0,"40":0,"41":0,"42":1,"43":0,"44":0,"45":0,"46":0},"f":{"0":0,"1":0,"2":0,"3":0,"4":0},"b":{"0":[0,0],"1":[0,0],"2":[0,0],"3":[0,0],"4":[0,0]},"_coverageSchema":"1a1c01bbd47fc00a2c39e90264f33305004495a9","hash":"29d9f93781432e839736d53b69922f9a655fca8f"}
,"C:\\Users\\Felipe\\Desktop\\bulkbuddies-backend\\src\\api\\v1\\controllers\\email.js": {"path":"C:\\Users\\Felipe\\Desktop\\bulkbuddies-backend\\src\\api\\v1\\controllers\\email.js","statementMap":{"0":{"start":{"line":3,"column":18},"end":{"line":31,"column":1}},"1":{"start":{"line":4,"column":20},"end":{"line":4,"column":56}},"2":{"start":{"line":6,"column":20},"end":{"line":13,"column":4}},"3":{"start":{"line":15,"column":13},"end":{"line":28,"column":4}},"4":{"start":{"line":30,"column":2},"end":{"line":30,"column":29}}},"fnMap":{"0":{"name":"(anonymous_0)","decl":{"start":{"line":3,"column":18},"end":{"line":3,"column":19}},"loc":{"start":{"line":3,"column":44},"end":{"line":31,"column":1}},"line":3}},"branchMap":{},"s":{"0":0,"1":0,"2":0,"3":0,"4":0},"f":{"0":0},"b":{}}
,"C:\\Users\\Felipe\\Desktop\\bulkbuddies-backend\\src\\api\\v1\\controllers\\productController.js": {"path":"C:\\Users\\Felipe\\Desktop\\bulkbuddies-backend\\src\\api\\v1\\controllers\\productController.js","statementMap":{"0":{"start":{"line":11,"column":23},"end":{"line":18,"column":1}},"1":{"start":{"line":12,"column":2},"end":{"line":17,"column":3}},"2":{"start":{"line":13,"column":21},"end":{"line":13,"column":38}},"3":{"start":{"line":14,"column":4},"end":{"line":14,"column":49}},"4":{"start":{"line":16,"column":4},"end":{"line":16,"column":16}},"5":{"start":{"line":21,"column":21},"end":{"line":29,"column":1}},"6":{"start":{"line":22,"column":2},"end":{"line":28,"column":3}},"7":{"start":{"line":23,"column":19},"end":{"line":23,"column":29}},"8":{"start":{"line":24,"column":20},"end":{"line":24,"column":44}},"9":{"start":{"line":25,"column":4},"end":{"line":25,"column":47}},"10":{"start":{"line":27,"column":4},"end":{"line":27,"column":16}},"11":{"start":{"line":32,"column":29},"end":{"line":41,"column":1}},"12":{"start":{"line":33,"column":2},"end":{"line":40,"column":3}},"13":{"start":{"line":34,"column":19},"end":{"line":34,"column":29}},"14":{"start":{"line":35,"column":20},"end":{"line":35,"column":52}},"15":{"start":{"line":36,"column":26},"end":{"line":36,"column":51}},"16":{"start":{"line":37,"column":4},"end":{"line":37,"column":62}},"17":{"start":{"line":39,"column":4},"end":{"line":39,"column":16}},"18":{"start":{"line":44,"column":29},"end":{"line":54,"column":1}},"19":{"start":{"line":45,"column":2},"end":{"line":53,"column":3}},"20":{"start":{"line":46,"column":46},"end":{"line":46,"column":55}},"21":{"start":{"line":47,"column":21},"end":{"line":47,"column":74}},"22":{"start":{"line":50,"column":4},"end":{"line":50,"column":49}},"23":{"start":{"line":52,"column":4},"end":{"line":52,"column":16}},"24":{"start":{"line":56,"column":28},"end":{"line":64,"column":1}},"25":{"start":{"line":57,"column":2},"end":{"line":63,"column":3}},"26":{"start":{"line":58,"column":30},"end":{"line":58,"column":39}},"27":{"start":{"line":59,"column":23},"end":{"line":59,"column":62}},"28":{"start":{"line":60,"column":6},"end":{"line":60,"column":72}},"29":{"start":{"line":62,"column":4},"end":{"line":62,"column":16}}},"fnMap":{"0":{"name":"(anonymous_0)","decl":{"start":{"line":11,"column":23},"end":{"line":11,"column":24}},"loc":{"start":{"line":11,"column":49},"end":{"line":18,"column":1}},"line":11},"1":{"name":"(anonymous_1)","decl":{"start":{"line":21,"column":21},"end":{"line":21,"column":22}},"loc":{"start":{"line":21,"column":47},"end":{"line":29,"column":1}},"line":21},"2":{"name":"(anonymous_2)","decl":{"start":{"line":32,"column":29},"end":{"line":32,"column":30}},"loc":{"start":{"line":32,"column":55},"end":{"line":41,"column":1}},"line":32},"3":{"name":"(anonymous_3)","decl":{"start":{"line":44,"column":29},"end":{"line":44,"column":30}},"loc":{"start":{"line":44,"column":55},"end":{"line":54,"column":1}},"line":44},"4":{"name":"(anonymous_4)","decl":{"start":{"line":56,"column":28},"end":{"line":56,"column":29}},"loc":{"start":{"line":56,"column":48},"end":{"line":64,"column":1}},"line":56}},"branchMap":{},"s":{"0":1,"1":0,"2":0,"3":0,"4":0,"5":1,"6":0,"7":0,"8":0,"9":0,"10":0,"11":1,"12":0,"13":0,"14":0,"15":0,"16":0,"17":0,"18":1,"19":1,"20":1,"21":1,"22":1,"23":0,"24":1,"25":0,"26":0,"27":0,"28":0,"29":0},"f":{"0":0,"1":0,"2":0,"3":1,"4":0},"b":{},"_coverageSchema":"1a1c01bbd47fc00a2c39e90264f33305004495a9","hash":"9a02db0df5148bb468416726ffba6107b449974a"}
,"C:\\Users\\Felipe\\Desktop\\bulkbuddies-backend\\src\\api\\v1\\controllers\\usersController.js": {"path":"C:\\Users\\Felipe\\Desktop\\bulkbuddies-backend\\src\\api\\v1\\controllers\\usersController.js","statementMap":{"0":{"start":{"line":10,"column":22},"end":{"line":19,"column":1}},"1":{"start":{"line":11,"column":2},"end":{"line":18,"column":3}},"2":{"start":{"line":12,"column":17},"end":{"line":12,"column":25}},"3":{"start":{"line":13,"column":4},"end":{"line":13,"column":22}},"4":{"start":{"line":14,"column":4},"end":{"line":14,"column":27}},"5":{"start":{"line":15,"column":4},"end":{"line":15,"column":70}},"6":{"start":{"line":17,"column":4},"end":{"line":17,"column":16}},"7":{"start":{"line":21,"column":19},"end":{"line":30,"column":1}},"8":{"start":{"line":22,"column":2},"end":{"line":29,"column":3}},"9":{"start":{"line":23,"column":18},"end":{"line":23,"column":32}},"10":{"start":{"line":24,"column":4},"end":{"line":24,"column":75}},"11":{"start":{"line":24,"column":16},"end":{"line":24,"column":75}},"12":{"start":{"line":25,"column":4},"end":{"line":25,"column":39}},"13":{"start":{"line":27,"column":4},"end":{"line":27,"column":23}},"14":{"start":{"line":28,"column":4},"end":{"line":28,"column":16}},"15":{"start":{"line":32,"column":35},"end":{"line":43,"column":1}},"16":{"start":{"line":33,"column":2},"end":{"line":42,"column":3}},"17":{"start":{"line":34,"column":25},"end":{"line":34,"column":34}},"18":{"start":{"line":35,"column":19},"end":{"line":35,"column":49}},"19":{"start":{"line":36,"column":4},"end":{"line":38,"column":5}},"20":{"start":{"line":37,"column":6},"end":{"line":37,"column":53}},"21":{"start":{"line":39,"column":4},"end":{"line":39,"column":52}},"22":{"start":{"line":41,"column":4},"end":{"line":41,"column":60}},"23":{"start":{"line":45,"column":20},"end":{"line":54,"column":1}},"24":{"start":{"line":46,"column":2},"end":{"line":53,"column":3}},"25":{"start":{"line":47,"column":19},"end":{"line":47,"column":29}},"26":{"start":{"line":48,"column":17},"end":{"line":48,"column":43}},"27":{"start":{"line":49,"column":4},"end":{"line":49,"column":47}},"28":{"start":{"line":49,"column":15},"end":{"line":49,"column":47}},"29":{"start":{"line":50,"column":4},"end":{"line":50,"column":38}},"30":{"start":{"line":52,"column":4},"end":{"line":52,"column":16}},"31":{"start":{"line":56,"column":19},"end":{"line":64,"column":1}},"32":{"start":{"line":57,"column":2},"end":{"line":63,"column":3}},"33":{"start":{"line":58,"column":19},"end":{"line":58,"column":29}},"34":{"start":{"line":59,"column":4},"end":{"line":59,"column":29}},"35":{"start":{"line":60,"column":4},"end":{"line":60,"column":24}},"36":{"start":{"line":62,"column":4},"end":{"line":62,"column":16}}},"fnMap":{"0":{"name":"(anonymous_0)","decl":{"start":{"line":10,"column":22},"end":{"line":10,"column":23}},"loc":{"start":{"line":10,"column":48},"end":{"line":19,"column":1}},"line":10},"1":{"name":"(anonymous_1)","decl":{"start":{"line":21,"column":19},"end":{"line":21,"column":20}},"loc":{"start":{"line":21,"column":45},"end":{"line":30,"column":1}},"line":21},"2":{"name":"(anonymous_2)","decl":{"start":{"line":32,"column":35},"end":{"line":32,"column":36}},"loc":{"start":{"line":32,"column":55},"end":{"line":43,"column":1}},"line":32},"3":{"name":"(anonymous_3)","decl":{"start":{"line":45,"column":20},"end":{"line":45,"column":21}},"loc":{"start":{"line":45,"column":46},"end":{"line":54,"column":1}},"line":45},"4":{"name":"(anonymous_4)","decl":{"start":{"line":56,"column":19},"end":{"line":56,"column":20}},"loc":{"start":{"line":56,"column":45},"end":{"line":64,"column":1}},"line":56}},"branchMap":{"0":{"loc":{"start":{"line":24,"column":4},"end":{"line":24,"column":75}},"type":"if","locations":[{"start":{"line":24,"column":4},"end":{"line":24,"column":75}},{"start":{},"end":{}}],"line":24},"1":{"loc":{"start":{"line":36,"column":4},"end":{"line":38,"column":5}},"type":"if","locations":[{"start":{"line":36,"column":4},"end":{"line":38,"column":5}},{"start":{},"end":{}}],"line":36},"2":{"loc":{"start":{"line":49,"column":4},"end":{"line":49,"column":47}},"type":"if","locations":[{"start":{"line":49,"column":4},"end":{"line":49,"column":47}},{"start":{},"end":{}}],"line":49}},"s":{"0":1,"1":1,"2":1,"3":1,"4":1,"5":1,"6":0,"7":1,"8":1,"9":1,"10":1,"11":0,"12":1,"13":0,"14":0,"15":1,"16":0,"17":0,"18":0,"19":0,"20":0,"21":0,"22":0,"23":1,"24":0,"25":0,"26":0,"27":0,"28":0,"29":0,"30":0,"31":1,"32":1,"33":1,"34":1,"35":0,"36":1},"f":{"0":1,"1":1,"2":0,"3":0,"4":1},"b":{"0":[0,1],"1":[0,0],"2":[0,0]},"_coverageSchema":"1a1c01bbd47fc00a2c39e90264f33305004495a9","hash":"a85f37b2a6db3bb1fa3c40b27c19112b17442b87"}
,"C:\\Users\\Felipe\\Desktop\\bulkbuddies-backend\\src\\api\\v1\\helpers\\errors.js": {"path":"C:\\Users\\Felipe\\Desktop\\bulkbuddies-backend\\src\\api\\v1\\helpers\\errors.js","statementMap":{"0":{"start":{"line":1,"column":15},"end":{"line":27,"column":2}}},"fnMap":{},"branchMap":{},"s":{"0":1},"f":{},"b":{},"_coverageSchema":"1a1c01bbd47fc00a2c39e90264f33305004495a9","hash":"36dd49c74180a9898122c594be95dca03c175bfd"}
,"C:\\Users\\Felipe\\Desktop\\bulkbuddies-backend\\src\\api\\v1\\helpers\\hateoas.js": {"path":"C:\\Users\\Felipe\\Desktop\\bulkbuddies-backend\\src\\api\\v1\\helpers\\hateoas.js","statementMap":{"0":{"start":{"line":1,"column":23},"end":{"line":17,"column":2}},"1":{"start":{"line":3,"column":19},"end":{"line":9,"column":6}},"2":{"start":{"line":5,"column":8},"end":{"line":8,"column":10}},"3":{"start":{"line":11,"column":18},"end":{"line":11,"column":29}},"4":{"start":{"line":12,"column":20},"end":{"line":15,"column":5}},"5":{"start":{"line":16,"column":4},"end":{"line":16,"column":19}}},"fnMap":{"0":{"name":"(anonymous_0)","decl":{"start":{"line":1,"column":23},"end":{"line":1,"column":24}},"loc":{"start":{"line":1,"column":47},"end":{"line":17,"column":2}},"line":1},"1":{"name":"(anonymous_1)","decl":{"start":{"line":4,"column":9},"end":{"line":4,"column":10}},"loc":{"start":{"line":4,"column":16},"end":{"line":9,"column":5}},"line":4}},"branchMap":{},"s":{"0":0,"1":0,"2":0,"3":0,"4":0,"5":0},"f":{"0":0,"1":0},"b":{}}
,"C:\\Users\\Felipe\\Desktop\\bulkbuddies-backend\\src\\api\\v1\\helpers\\requestError.js": {"path":"C:\\Users\\Felipe\\Desktop\\bulkbuddies-backend\\src\\api\\v1\\helpers\\requestError.js","statementMap":{"0":{"start":{"line":5,"column":4},"end":{"line":5,"column":19}},"1":{"start":{"line":6,"column":4},"end":{"line":6,"column":27}},"2":{"start":{"line":7,"column":4},"end":{"line":7,"column":33}},"3":{"start":{"line":8,"column":4},"end":{"line":8,"column":21}},"4":{"start":{"line":11,"column":18},"end":{"line":11,"column":34}},"5":{"start":{"line":12,"column":4},"end":{"line":18,"column":5}},"6":{"start":{"line":13,"column":6},"end":{"line":13,"column":35}},"7":{"start":{"line":14,"column":6},"end":{"line":14,"column":37}},"8":{"start":{"line":16,"column":6},"end":{"line":16,"column":34}},"9":{"start":{"line":17,"column":6},"end":{"line":17,"column":40}},"10":{"start":{"line":21,"column":23},"end":{"line":25,"column":1}},"11":{"start":{"line":22,"column":16},"end":{"line":22,"column":59}},"12":{"start":{"line":23,"column":2},"end":{"line":23,"column":24}},"13":{"start":{"line":24,"column":2},"end":{"line":24,"column":15}}},"fnMap":{"0":{"name":"(anonymous_0)","decl":{"start":{"line":4,"column":2},"end":{"line":4,"column":3}},"loc":{"start":{"line":4,"column":41},"end":{"line":9,"column":3}},"line":4},"1":{"name":"(anonymous_1)","decl":{"start":{"line":10,"column":2},"end":{"line":10,"column":3}},"loc":{"start":{"line":10,"column":18},"end":{"line":19,"column":3}},"line":10},"2":{"name":"(anonymous_2)","decl":{"start":{"line":21,"column":23},"end":{"line":21,"column":24}},"loc":{"start":{"line":21,"column":65},"end":{"line":25,"column":1}},"line":21}},"branchMap":{"0":{"loc":{"start":{"line":12,"column":4},"end":{"line":18,"column":5}},"type":"if","locations":[{"start":{"line":12,"column":4},"end":{"line":18,"column":5}},{"start":{"line":15,"column":11},"end":{"line":18,"column":5}}],"line":12},"1":{"loc":{"start":{"line":21,"column":30},"end":{"line":21,"column":46}},"type":"default-arg","locations":[{"start":{"line":21,"column":43},"end":{"line":21,"column":46}}],"line":21},"2":{"loc":{"start":{"line":21,"column":48},"end":{"line":21,"column":60}},"type":"default-arg","locations":[{"start":{"line":21,"column":58},"end":{"line":21,"column":60}}],"line":21}},"s":{"0":1,"1":1,"2":1,"3":1,"4":1,"5":1,"6":1,"7":1,"8":0,"9":0,"10":1,"11":1,"12":1,"13":1},"f":{"0":1,"1":1,"2":1},"b":{"0":[1,0],"1":[1],"2":[1]},"_coverageSchema":"1a1c01bbd47fc00a2c39e90264f33305004495a9","hash":"55a28dc60eb1acaefc9c1a67d8a57b287ed167e2"}
,"C:\\Users\\Felipe\\Desktop\\bulkbuddies-backend\\src\\api\\v1\\models\\postModel.js": {"path":"C:\\Users\\Felipe\\Desktop\\bulkbuddies-backend\\src\\api\\v1\\models\\postModel.js","statementMap":{},"fnMap":{},"branchMap":{},"s":{},"f":{},"b":{}}
,"C:\\Users\\Felipe\\Desktop\\bulkbuddies-backend\\src\\api\\v1\\models\\productModel.js": {"path":"C:\\Users\\Felipe\\Desktop\\bulkbuddies-backend\\src\\api\\v1\\models\\productModel.js","statementMap":{"0":{"start":{"line":5,"column":18},"end":{"line":15,"column":1}},"1":{"start":{"line":6,"column":2},"end":{"line":14,"column":3}},"2":{"start":{"line":7,"column":21},"end":{"line":9,"column":5}},"3":{"start":{"line":10,"column":18},"end":{"line":10,"column":44}},"4":{"start":{"line":11,"column":4},"end":{"line":11,"column":22}},"5":{"start":{"line":13,"column":4},"end":{"line":13,"column":37}},"6":{"start":{"line":17,"column":23},"end":{"line":28,"column":1}},"7":{"start":{"line":18,"column":2},"end":{"line":27,"column":3}},"8":{"start":{"line":19,"column":21},"end":{"line":22,"column":5}},"9":{"start":{"line":23,"column":21},"end":{"line":23,"column":47}},"10":{"start":{"line":24,"column":4},"end":{"line":24,"column":19}},"11":{"start":{"line":26,"column":4},"end":{"line":26,"column":37}},"12":{"start":{"line":30,"column":24},"end":{"line":41,"column":1}},"13":{"start":{"line":31,"column":2},"end":{"line":40,"column":3}},"14":{"start":{"line":32,"column":21},"end":{"line":35,"column":5}},"15":{"start":{"line":36,"column":21},"end":{"line":36,"column":47}},"16":{"start":{"line":37,"column":4},"end":{"line":37,"column":19}},"17":{"start":{"line":39,"column":4},"end":{"line":39,"column":37}},"18":{"start":{"line":43,"column":31},"end":{"line":54,"column":1}},"19":{"start":{"line":44,"column":2},"end":{"line":53,"column":3}},"20":{"start":{"line":45,"column":21},"end":{"line":48,"column":5}},"21":{"start":{"line":49,"column":21},"end":{"line":49,"column":47}},"22":{"start":{"line":50,"column":4},"end":{"line":50,"column":16}},"23":{"start":{"line":52,"column":4},"end":{"line":52,"column":37}},"24":{"start":{"line":57,"column":25},"end":{"line":78,"column":1}},"25":{"start":{"line":63,"column":2},"end":{"line":77,"column":3}},"26":{"start":{"line":64,"column":17},"end":{"line":64,"column":45}},"27":{"start":{"line":65,"column":25},"end":{"line":71,"column":3}},"28":{"start":{"line":72,"column":17},"end":{"line":72,"column":49}},"29":{"start":{"line":73,"column":2},"end":{"line":73,"column":21}},"30":{"start":{"line":76,"column":4},"end":{"line":76,"column":37}},"31":{"start":{"line":80,"column":25},"end":{"line":108,"column":1}},"32":{"start":{"line":84,"column":2},"end":{"line":107,"column":1}},"33":{"start":{"line":85,"column":16},"end":{"line":85,"column":18}},"34":{"start":{"line":86,"column":16},"end":{"line":86,"column":18}},"35":{"start":{"line":88,"column":2},"end":{"line":91,"column":3}},"36":{"start":{"line":89,"column":4},"end":{"line":89,"column":57}},"37":{"start":{"line":90,"column":4},"end":{"line":90,"column":27}},"38":{"start":{"line":92,"column":2},"end":{"line":95,"column":3}},"39":{"start":{"line":93,"column":4},"end":{"line":93,"column":57}},"40":{"start":{"line":94,"column":4},"end":{"line":94,"column":27}},"41":{"start":{"line":97,"column":17},"end":{"line":97,"column":40}},"42":{"start":{"line":98,"column":2},"end":{"line":100,"column":3}},"43":{"start":{"line":99,"column":4},"end":{"line":99,"column":50}},"44":{"start":{"line":102,"column":28},"end":{"line":102,"column":63}},"45":{"start":{"line":103,"column":2},"end":{"line":103,"column":17}},"46":{"start":{"line":106,"column":5},"end":{"line":106,"column":38}}},"fnMap":{"0":{"name":"(anonymous_0)","decl":{"start":{"line":5,"column":18},"end":{"line":5,"column":19}},"loc":{"start":{"line":5,"column":30},"end":{"line":15,"column":1}},"line":5},"1":{"name":"(anonymous_1)","decl":{"start":{"line":17,"column":23},"end":{"line":17,"column":24}},"loc":{"start":{"line":17,"column":37},"end":{"line":28,"column":1}},"line":17},"2":{"name":"(anonymous_2)","decl":{"start":{"line":30,"column":24},"end":{"line":30,"column":25}},"loc":{"start":{"line":30,"column":38},"end":{"line":41,"column":1}},"line":30},"3":{"name":"(anonymous_3)","decl":{"start":{"line":43,"column":31},"end":{"line":43,"column":32}},"loc":{"start":{"line":43,"column":54},"end":{"line":54,"column":1}},"line":43},"4":{"name":"(anonymous_4)","decl":{"start":{"line":57,"column":25},"end":{"line":57,"column":26}},"loc":{"start":{"line":62,"column":5},"end":{"line":78,"column":1}},"line":62},"5":{"name":"(anonymous_5)","decl":{"start":{"line":80,"column":25},"end":{"line":80,"column":26}},"loc":{"start":{"line":83,"column":6},"end":{"line":108,"column":1}},"line":83}},"branchMap":{"0":{"loc":{"start":{"line":58,"column":2},"end":{"line":58,"column":16}},"type":"default-arg","locations":[{"start":{"line":58,"column":10},"end":{"line":58,"column":16}}],"line":58},"1":{"loc":{"start":{"line":59,"column":2},"end":{"line":59,"column":19}},"type":"default-arg","locations":[{"start":{"line":59,"column":14},"end":{"line":59,"column":19}}],"line":59},"2":{"loc":{"start":{"line":60,"column":2},"end":{"line":60,"column":12}},"type":"default-arg","locations":[{"start":{"line":60,"column":10},"end":{"line":60,"column":12}}],"line":60},"3":{"loc":{"start":{"line":61,"column":2},"end":{"line":61,"column":10}},"type":"default-arg","locations":[{"start":{"line":61,"column":9},"end":{"line":61,"column":10}}],"line":61},"4":{"loc":{"start":{"line":88,"column":2},"end":{"line":91,"column":3}},"type":"if","locations":[{"start":{"line":88,"column":2},"end":{"line":91,"column":3}},{"start":{},"end":{}}],"line":88},"5":{"loc":{"start":{"line":92,"column":2},"end":{"line":95,"column":3}},"type":"if","locations":[{"start":{"line":92,"column":2},"end":{"line":95,"column":3}},{"start":{},"end":{}}],"line":92},"6":{"loc":{"start":{"line":98,"column":2},"end":{"line":100,"column":3}},"type":"if","locations":[{"start":{"line":98,"column":2},"end":{"line":100,"column":3}},{"start":{},"end":{}}],"line":98}},"s":{"0":1,"1":0,"2":0,"3":0,"4":0,"5":0,"6":1,"7":0,"8":0,"9":0,"10":0,"11":0,"12":1,"13":0,"14":0,"15":0,"16":0,"17":0,"18":1,"19":0,"20":0,"21":0,"22":0,"23":0,"24":1,"25":1,"26":1,"27":1,"28":1,"29":1,"30":0,"31":1,"32":0,"33":0,"34":0,"35":0,"36":0,"37":0,"38":0,"39":0,"40":0,"41":0,"42":0,"43":0,"44":0,"45":0,"46":0},"f":{"0":0,"1":0,"2":0,"3":0,"4":1,"5":0},"b":{"0":[1],"1":[1],"2":[1],"3":[1],"4":[0,0],"5":[0,0],"6":[0,0]},"_coverageSchema":"1a1c01bbd47fc00a2c39e90264f33305004495a9","hash":"77a573211fa2ff77db573c354d6d820b3ee8a56a"}
,"C:\\Users\\Felipe\\Desktop\\bulkbuddies-backend\\src\\api\\v1\\models\\userModel.js": {"path":"C:\\Users\\Felipe\\Desktop\\bulkbuddies-backend\\src\\api\\v1\\models\\userModel.js","statementMap":{"0":{"start":{"line":7,"column":19},"end":{"line":26,"column":1}},"1":{"start":{"line":8,"column":2},"end":{"line":25,"column":3}},"2":{"start":{"line":9,"column":69},"end":{"line":9,"column":73}},"3":{"start":{"line":11,"column":4},"end":{"line":13,"column":5}},"4":{"start":{"line":12,"column":6},"end":{"line":12,"column":68}},"5":{"start":{"line":15,"column":23},"end":{"line":15,"column":54}},"6":{"start":{"line":16,"column":21},"end":{"line":19,"column":5}},"7":{"start":{"line":20,"column":21},"end":{"line":20,"column":47}},"8":{"start":{"line":21,"column":4},"end":{"line":21,"column":28}},"9":{"start":{"line":23,"column":4},"end":{"line":23,"column":23}},"10":{"start":{"line":24,"column":4},"end":{"line":24,"column":37}},"11":{"start":{"line":28,"column":23},"end":{"line":35,"column":1}},"12":{"start":{"line":29,"column":19},"end":{"line":32,"column":3}},"13":{"start":{"line":33,"column":23},"end":{"line":33,"column":49}},"14":{"start":{"line":34,"column":2},"end":{"line":34,"column":18}},"15":{"start":{"line":37,"column":19},"end":{"line":53,"column":1}},"16":{"start":{"line":38,"column":19},"end":{"line":41,"column":3}},"17":{"start":{"line":42,"column":29},"end":{"line":42,"column":55}},"18":{"start":{"line":43,"column":2},"end":{"line":45,"column":3}},"19":{"start":{"line":44,"column":4},"end":{"line":44,"column":36}},"20":{"start":{"line":46,"column":15},"end":{"line":46,"column":22}},"21":{"start":{"line":47,"column":26},"end":{"line":47,"column":71}},"22":{"start":{"line":48,"column":2},"end":{"line":50,"column":3}},"23":{"start":{"line":49,"column":4},"end":{"line":49,"column":36}},"24":{"start":{"line":51,"column":37},"end":{"line":51,"column":44}},"25":{"start":{"line":52,"column":2},"end":{"line":52,"column":14}},"26":{"start":{"line":55,"column":15},"end":{"line":61,"column":1}},"27":{"start":{"line":56,"column":19},"end":{"line":58,"column":3}},"28":{"start":{"line":59,"column":16},"end":{"line":59,"column":42}},"29":{"start":{"line":60,"column":2},"end":{"line":60,"column":20}},"30":{"start":{"line":63,"column":19},"end":{"line":74,"column":1}},"31":{"start":{"line":64,"column":19},"end":{"line":70,"column":3}},"32":{"start":{"line":71,"column":19},"end":{"line":71,"column":45}},"33":{"start":{"line":72,"column":15},"end":{"line":72,"column":22}},"34":{"start":{"line":73,"column":2},"end":{"line":73,"column":14}},"35":{"start":{"line":76,"column":23},"end":{"line":84,"column":1}},"36":{"start":{"line":77,"column":19},"end":{"line":80,"column":3}},"37":{"start":{"line":81,"column":29},"end":{"line":81,"column":55}},"38":{"start":{"line":82,"column":2},"end":{"line":82,"column":54}},"39":{"start":{"line":82,"column":22},"end":{"line":82,"column":54}},"40":{"start":{"line":83,"column":2},"end":{"line":83,"column":17}}},"fnMap":{"0":{"name":"(anonymous_0)","decl":{"start":{"line":7,"column":19},"end":{"line":7,"column":20}},"loc":{"start":{"line":7,"column":35},"end":{"line":26,"column":1}},"line":7},"1":{"name":"(anonymous_1)","decl":{"start":{"line":28,"column":23},"end":{"line":28,"column":24}},"loc":{"start":{"line":28,"column":43},"end":{"line":35,"column":1}},"line":28},"2":{"name":"(anonymous_2)","decl":{"start":{"line":37,"column":19},"end":{"line":37,"column":20}},"loc":{"start":{"line":37,"column":46},"end":{"line":53,"column":1}},"line":37},"3":{"name":"(anonymous_3)","decl":{"start":{"line":55,"column":15},"end":{"line":55,"column":16}},"loc":{"start":{"line":55,"column":27},"end":{"line":61,"column":1}},"line":55},"4":{"name":"(anonymous_4)","decl":{"start":{"line":63,"column":19},"end":{"line":63,"column":20}},"loc":{"start":{"line":63,"column":51},"end":{"line":74,"column":1}},"line":63},"5":{"name":"(anonymous_5)","decl":{"start":{"line":76,"column":23},"end":{"line":76,"column":24}},"loc":{"start":{"line":76,"column":37},"end":{"line":84,"column":1}},"line":76}},"branchMap":{"0":{"loc":{"start":{"line":11,"column":4},"end":{"line":13,"column":5}},"type":"if","locations":[{"start":{"line":11,"column":4},"end":{"line":13,"column":5}},{"start":{},"end":{}}],"line":11},"1":{"loc":{"start":{"line":43,"column":2},"end":{"line":45,"column":3}},"type":"if","locations":[{"start":{"line":43,"column":2},"end":{"line":45,"column":3}},{"start":{},"end":{}}],"line":43},"2":{"loc":{"start":{"line":48,"column":2},"end":{"line":50,"column":3}},"type":"if","locations":[{"start":{"line":48,"column":2},"end":{"line":50,"column":3}},{"start":{},"end":{}}],"line":48},"3":{"loc":{"start":{"line":82,"column":2},"end":{"line":82,"column":54}},"type":"if","locations":[{"start":{"line":82,"column":2},"end":{"line":82,"column":54}},{"start":{},"end":{}}],"line":82}},"s":{"0":1,"1":1,"2":1,"3":1,"4":0,"5":1,"6":1,"7":1,"8":1,"9":0,"10":0,"11":1,"12":0,"13":0,"14":0,"15":1,"16":0,"17":0,"18":0,"19":0,"20":0,"21":0,"22":0,"23":0,"24":0,"25":0,"26":1,"27":1,"28":1,"29":1,"30":1,"31":0,"32":0,"33":0,"34":0,"35":1,"36":1,"37":1,"38":1,"39":1,"40":0},"f":{"0":1,"1":0,"2":0,"3":1,"4":0,"5":1},"b":{"0":[0,1],"1":[0,0],"2":[0,0],"3":[1,0]},"_coverageSchema":"1a1c01bbd47fc00a2c39e90264f33305004495a9","hash":"17c2c592a074f84918332694433b8cbee9572ab9"}
,"C:\\Users\\Felipe\\Desktop\\bulkbuddies-backend\\src\\api\\v1\\utils\\generateToken.js": {"path":"C:\\Users\\Felipe\\Desktop\\bulkbuddies-backend\\src\\api\\v1\\utils\\generateToken.js","statementMap":{"0":{"start":{"line":9,"column":22},"end":{"line":17,"column":1}},"1":{"start":{"line":10,"column":15},"end":{"line":10,"column":17}},"2":{"start":{"line":11,"column":2},"end":{"line":16,"column":3}},"3":{"start":{"line":12,"column":18},"end":{"line":12,"column":67}},"4":{"start":{"line":13,"column":4},"end":{"line":13,"column":17}},"5":{"start":{"line":15,"column":4},"end":{"line":15,"column":49}},"6":{"start":{"line":19,"column":29},"end":{"line":33,"column":1}},"7":{"start":{"line":20,"column":15},"end":{"line":20,"column":27}},"8":{"start":{"line":21,"column":2},"end":{"line":32,"column":3}},"9":{"start":{"line":22,"column":25},"end":{"line":24,"column":6}},"10":{"start":{"line":25,"column":4},"end":{"line":29,"column":7}},"11":{"start":{"line":31,"column":4},"end":{"line":31,"column":49}},"12":{"start":{"line":35,"column":23},"end":{"line":39,"column":1}},"13":{"start":{"line":36,"column":16},"end":{"line":36,"column":33}},"14":{"start":{"line":37,"column":2},"end":{"line":37,"column":32}},"15":{"start":{"line":38,"column":2},"end":{"line":38,"column":15}}},"fnMap":{"0":{"name":"(anonymous_0)","decl":{"start":{"line":9,"column":22},"end":{"line":9,"column":23}},"loc":{"start":{"line":9,"column":30},"end":{"line":17,"column":1}},"line":9},"1":{"name":"(anonymous_1)","decl":{"start":{"line":19,"column":29},"end":{"line":19,"column":30}},"loc":{"start":{"line":19,"column":42},"end":{"line":33,"column":1}},"line":19},"2":{"name":"(anonymous_2)","decl":{"start":{"line":35,"column":23},"end":{"line":35,"column":24}},"loc":{"start":{"line":35,"column":42},"end":{"line":39,"column":1}},"line":35}},"branchMap":{},"s":{"0":1,"1":0,"2":0,"3":0,"4":0,"5":0,"6":1,"7":0,"8":0,"9":0,"10":0,"11":0,"12":1,"13":0,"14":0,"15":0},"f":{"0":0,"1":0,"2":0},"b":{},"_coverageSchema":"1a1c01bbd47fc00a2c39e90264f33305004495a9","hash":"cd63e51f5232dfebbe2e3c1b24571cd3461456ed"}
,"C:\\Users\\Felipe\\Desktop\\bulkbuddies-backend\\src\\api\\v1\\utils\\regex.js": {"path":"C:\\Users\\Felipe\\Desktop\\bulkbuddies-backend\\src\\api\\v1\\utils\\regex.js","statementMap":{"0":{"start":{"line":1,"column":29},"end":{"line":1,"column":50}}},"fnMap":{},"branchMap":{},"s":{"0":1},"f":{},"b":{},"_coverageSchema":"1a1c01bbd47fc00a2c39e90264f33305004495a9","hash":"c935927f802d764e05cc3fffc2635319752bfd7a"}
,"C:\\Users\\Felipe\\Desktop\\bulkbuddies-backend\\src\\api\\v1\\utils\\swagger.js": {"path":"C:\\Users\\Felipe\\Desktop\\bulkbuddies-backend\\src\\api\\v1\\utils\\swagger.js","statementMap":{"0":{"start":{"line":4,"column":16},"end":{"line":32,"column":1}},"1":{"start":{"line":34,"column":19},"end":{"line":34,"column":40}},"2":{"start":{"line":38,"column":2},"end":{"line":38,"column":65}},"3":{"start":{"line":41,"column":2},"end":{"line":44,"column":5}},"4":{"start":{"line":42,"column":4},"end":{"line":42,"column":54}},"5":{"start":{"line":43,"column":4},"end":{"line":43,"column":25}},"6":{"start":{"line":46,"column":2},"end":{"line":46,"column":65}}},"fnMap":{"0":{"name":"swaggerDocs","decl":{"start":{"line":36,"column":9},"end":{"line":36,"column":20}},"loc":{"start":{"line":36,"column":32},"end":{"line":47,"column":1}},"line":36},"1":{"name":"(anonymous_1)","decl":{"start":{"line":41,"column":24},"end":{"line":41,"column":25}},"loc":{"start":{"line":41,"column":38},"end":{"line":44,"column":3}},"line":41}},"branchMap":{},"s":{"0":1,"1":1,"2":1,"3":1,"4":0,"5":0,"6":1},"f":{"0":1,"1":0},"b":{},"_coverageSchema":"1a1c01bbd47fc00a2c39e90264f33305004495a9","hash":"999d28904068db201fa293f6f8742ea868bfc70e"}
}
